TN:
SF:points\index.ts
FN:20,(anonymous_7)
FN:21,(anonymous_8)
FN:22,(anonymous_9)
FN:23,(anonymous_10)
FN:23,(anonymous_11)
FN:33,(anonymous_12)
FN:34,(anonymous_13)
FN:38,(anonymous_14)
FN:40,(anonymous_15)
FN:41,(anonymous_16)
FN:42,(anonymous_17)
FN:43,(anonymous_18)
FN:44,(anonymous_19)
FN:45,(anonymous_20)
FN:50,(anonymous_21)
FN:51,(anonymous_22)
FN:52,(anonymous_23)
FN:53,(anonymous_24)
FN:55,(anonymous_25)
FN:61,createPointsManager
FN:62,(anonymous_27)
FN:78,initializePoints
FN:79,(anonymous_29)
FN:91,createMatchResult
FN:110,handleMatchComplete
FN:129,(anonymous_32)
FN:141,handleGameReset
FN:159,cleanupPointsSystem
FNF:28
FNH:0
FNDA:0,(anonymous_7)
FNDA:0,(anonymous_8)
FNDA:0,(anonymous_9)
FNDA:0,(anonymous_10)
FNDA:0,(anonymous_11)
FNDA:0,(anonymous_12)
FNDA:0,(anonymous_13)
FNDA:0,(anonymous_14)
FNDA:0,(anonymous_15)
FNDA:0,(anonymous_16)
FNDA:0,(anonymous_17)
FNDA:0,(anonymous_18)
FNDA:0,(anonymous_19)
FNDA:0,(anonymous_20)
FNDA:0,(anonymous_21)
FNDA:0,(anonymous_22)
FNDA:0,(anonymous_23)
FNDA:0,(anonymous_24)
FNDA:0,(anonymous_25)
FNDA:0,createPointsManager
FNDA:0,(anonymous_27)
FNDA:0,initializePoints
FNDA:0,(anonymous_29)
FNDA:0,createMatchResult
FNDA:0,handleMatchComplete
FNDA:0,(anonymous_32)
FNDA:0,handleGameReset
FNDA:0,cleanupPointsSystem
DA:6,0
DA:20,0
DA:21,0
DA:22,0
DA:23,0
DA:33,0
DA:34,0
DA:38,0
DA:39,0
DA:40,0
DA:41,0
DA:42,0
DA:43,0
DA:44,0
DA:45,0
DA:49,0
DA:50,0
DA:51,0
DA:52,0
DA:53,0
DA:55,0
DA:61,0
DA:62,0
DA:64,0
DA:65,0
DA:66,0
DA:78,0
DA:79,0
DA:81,0
DA:91,0
DA:96,0
DA:110,0
DA:116,0
DA:119,0
DA:120,0
DA:123,0
DA:124,0
DA:129,0
DA:130,0
DA:133,0
DA:141,0
DA:146,0
DA:149,0
DA:150,0
DA:159,0
DA:162,0
LF:46
LH:0
BRDA:62,0,0,0
BRDA:79,1,0,0
BRDA:119,2,0,0
BRDA:123,3,0,0
BRDA:149,4,0,0
BRF:5
BRH:0
end_of_record
TN:
SF:points\config\defaults.ts
FN:44,getScoreLevel
FN:65,formatPoints
FNF:2
FNH:0
FNDA:0,getScoreLevel
FNDA:0,formatPoints
DA:6,0
DA:26,0
DA:44,0
DA:45,0
DA:47,0
DA:48,0
DA:49,0
DA:50,0
DA:51,0
DA:52,0
DA:53,0
DA:54,0
DA:56,0
DA:65,0
DA:66,0
LF:15
LH:0
BRDA:47,0,0,0
BRDA:47,0,1,0
BRDA:49,1,0,0
BRDA:49,1,1,0
BRDA:51,2,0,0
BRDA:51,2,1,0
BRDA:53,3,0,0
BRDA:53,3,1,0
BRF:8
BRH:0
end_of_record
TN:
SF:points\config\validation.ts
FN:10,validateConfig
FN:59,validateScoringConfig
FN:94,validateStorageConfig
FN:117,validateDisplayConfig
FN:141,createError
FNF:5
FNH:0
FNDA:0,validateConfig
FNDA:0,validateScoringConfig
FNDA:0,validateStorageConfig
FNDA:0,validateDisplayConfig
FNDA:0,createError
DA:1,0
DA:2,0
DA:10,0
DA:11,0
DA:13,0
DA:21,0
DA:22,0
DA:29,0
DA:30,0
DA:37,0
DA:38,0
DA:44,0
DA:46,0
DA:47,0
DA:49,0
DA:61,0
DA:62,0
DA:66,0
DA:67,0
DA:71,0
DA:72,0
DA:76,0
DA:77,0
DA:80,0
DA:96,0
DA:97,0
DA:101,0
DA:102,0
DA:105,0
DA:119,0
DA:120,0
DA:124,0
DA:125,0
DA:128,0
DA:146,0
DA:147,0
DA:148,0
DA:149,0
LF:38
LH:0
BRDA:21,0,0,0
BRDA:29,1,0,0
BRDA:37,2,0,0
BRDA:46,3,0,0
BRDA:61,4,0,0
BRDA:61,5,0,0
BRDA:61,5,1,0
BRDA:66,6,0,0
BRDA:66,7,0,0
BRDA:66,7,1,0
BRDA:71,8,0,0
BRDA:71,9,0,0
BRDA:71,9,1,0
BRDA:76,10,0,0
BRDA:76,11,0,0
BRDA:76,11,1,0
BRDA:96,12,0,0
BRDA:96,13,0,0
BRDA:96,13,1,0
BRDA:101,14,0,0
BRDA:101,15,0,0
BRDA:101,15,1,0
BRDA:119,16,0,0
BRDA:119,17,0,0
BRDA:119,17,1,0
BRDA:124,18,0,0
BRDA:124,19,0,0
BRDA:124,19,1,0
BRF:28
BRH:0
end_of_record
TN:
SF:points\core\PointsCalculator.ts
FN:20,(anonymous_0)
FN:38,(anonymous_1)
FN:79,(anonymous_2)
FN:108,(anonymous_3)
FN:147,(anonymous_4)
FNF:5
FNH:5
FNDA:16,(anonymous_0)
FNDA:2171,(anonymous_1)
FNDA:2166,(anonymous_2)
FNDA:2171,(anonymous_3)
FNDA:10,(anonymous_4)
DA:1,3
DA:7,3
DA:26,16
DA:27,16
DA:28,16
DA:29,16
DA:39,2171
DA:41,2171
DA:44,2166
DA:45,0
DA:49,2166
DA:52,2166
DA:53,2166
DA:57,2166
DA:59,650
DA:60,650
DA:64,2166
DA:66,5
DA:67,5
DA:69,0
DA:81,2166
DA:82,0
DA:86,2166
DA:88,0
DA:92,2166
DA:93,0
DA:96,2166
DA:97,0
DA:100,2166
DA:110,2171
DA:111,0
DA:115,2171
DA:116,1
DA:120,2170
DA:123,2
DA:130,2168
DA:133,2
DA:152,10
DA:153,10
DA:154,10
DA:155,10
LF:41
LH:34
BRDA:21,0,0,0
BRDA:22,1,0,0
BRDA:23,2,0,0
BRDA:24,3,0,0
BRDA:44,4,0,0
BRDA:52,5,0,2166
BRDA:57,6,0,650
BRDA:66,7,0,5
BRDA:81,8,0,0
BRDA:81,9,0,2166
BRDA:81,9,1,2166
BRDA:86,10,0,0
BRDA:92,11,0,0
BRDA:96,12,0,0
BRDA:110,13,0,0
BRDA:115,14,0,1
BRDA:120,15,0,2
BRDA:120,16,0,2170
BRDA:120,16,1,2170
BRDA:120,16,2,2169
BRDA:130,17,0,2
BRDA:130,18,0,2168
BRDA:130,18,1,2168
BRDA:130,18,2,2167
BRF:24
BRH:14
end_of_record
TN:
SF:points\core\PointsManager.ts
FN:40,(anonymous_7)
FN:84,(anonymous_8)
FN:91,(anonymous_9)
FN:100,(anonymous_10)
FN:114,(anonymous_12)
FN:142,(anonymous_13)
FN:151,(anonymous_14)
FN:175,(anonymous_16)
FN:199,(anonymous_18)
FN:218,(anonymous_20)
FN:224,(anonymous_21)
FN:224,(anonymous_22)
FN:237,(anonymous_23)
FN:249,(anonymous_24)
FN:266,(anonymous_26)
FN:271,(anonymous_27)
FN:276,(anonymous_28)
FN:304,(anonymous_29)
FNF:18
FNH:16
FNDA:16,(anonymous_7)
FNDA:5,(anonymous_8)
FNDA:2,(anonymous_9)
FNDA:15,(anonymous_10)
FNDA:2171,(anonymous_12)
FNDA:0,(anonymous_13)
FNDA:16,(anonymous_14)
FNDA:36,(anonymous_16)
FNDA:0,(anonymous_18)
FNDA:13,(anonymous_20)
FNDA:5,(anonymous_21)
FNDA:5,(anonymous_22)
FNDA:19,(anonymous_23)
FNDA:6,(anonymous_24)
FNDA:2166,(anonymous_26)
FNDA:1006220,(anonymous_27)
FNDA:1006220,(anonymous_28)
FNDA:7,(anonymous_29)
DA:1,3
DA:2,3
DA:4,3
DA:5,3
DA:11,3
DA:13,16
DA:16,16
DA:25,16
DA:31,16
DA:32,16
DA:33,16
DA:42,16
DA:60,16
DA:68,16
DA:69,14
DA:72,2
DA:73,2
DA:75,0
DA:76,0
DA:85,5
DA:92,2
DA:102,15
DA:105,13
DA:115,2171
DA:117,2171
DA:120,2166
DA:123,2166
DA:126,2166
DA:127,2166
DA:130,2166
DA:132,5
DA:133,5
DA:135,0
DA:143,0
DA:152,16
DA:154,16
DA:157,13
DA:158,13
DA:161,1
DA:162,1
DA:164,1
DA:165,1
DA:176,36
DA:178,36
DA:185,36
DA:187,2
DA:188,2
DA:190,0
DA:200,0
DA:202,0
DA:205,0
DA:206,0
DA:208,0
DA:209,0
DA:211,0
DA:220,13
DA:223,13
DA:224,13
DA:225,5
DA:226,5
DA:228,0
DA:238,19
DA:239,6
DA:240,6
DA:251,6
DA:254,6
DA:255,6
DA:257,1
DA:267,2166
DA:270,2166
DA:271,1006220
DA:275,2166
DA:276,1006220
DA:281,2166
DA:282,41
DA:283,41
DA:287,2125
DA:288,2125
DA:290,2125
DA:291,2125
DA:294,2125
DA:309,7
DA:310,7
DA:311,7
DA:312,7
LF:85
LH:72
BRDA:40,0,0,1
BRDA:47,1,0,16
BRDA:47,1,1,15
BRDA:51,2,0,16
BRDA:51,2,1,2
BRDA:55,3,0,16
BRDA:55,3,1,16
BRDA:68,4,0,14
BRDA:68,4,1,2
BRDA:126,5,0,2166
BRDA:132,6,0,5
BRDA:164,7,0,1
BRDA:187,8,0,2
BRDA:208,9,0,0
BRDA:223,10,0,13
BRDA:223,11,0,13
BRDA:223,11,1,13
BRDA:238,12,0,6
BRDA:238,13,0,19
BRDA:238,13,1,6
BRDA:281,14,0,41
BRDA:290,15,0,2125
BRF:22
BRH:21
end_of_record
TN:
SF:points\core\types.ts
FN:51,(anonymous_0)
FNF:1
FNH:1
FNDA:3,(anonymous_0)
DA:51,3
DA:52,3
DA:53,3
DA:54,3
DA:68,3
DA:88,3
LF:6
LH:6
BRDA:51,0,0,3
BRDA:51,0,1,3
BRF:2
BRH:2
end_of_record
TN:
SF:points\display\ScoreDisplay.ts
FN:23,(anonymous_0)
FN:61,(anonymous_1)
FN:86,(anonymous_2)
FN:124,(anonymous_3)
FN:132,(anonymous_4)
FN:144,(anonymous_5)
FN:180,(anonymous_6)
FN:185,(anonymous_7)
FN:190,(anonymous_8)
FNF:9
FNH:0
FNDA:0,(anonymous_0)
FNDA:0,(anonymous_1)
FNDA:0,(anonymous_2)
FNDA:0,(anonymous_3)
FNDA:0,(anonymous_4)
FNDA:0,(anonymous_5)
FNDA:0,(anonymous_6)
FNDA:0,(anonymous_7)
FNDA:0,(anonymous_8)
DA:1,0
DA:7,0
DA:9,0
DA:10,0
DA:11,0
DA:30,0
DA:36,0
DA:37,0
DA:38,0
DA:39,0
DA:42,0
DA:43,0
DA:46,0
DA:47,0
DA:50,0
DA:51,0
DA:63,0
DA:64,0
DA:67,0
DA:68,0
DA:72,0
DA:73,0
DA:76,0
DA:77,0
DA:88,0
DA:89,0
DA:93,0
DA:94,0
DA:95,0
DA:98,0
DA:99,0
DA:105,0
DA:121,0
DA:124,0
DA:126,0
DA:132,0
DA:133,0
DA:134,0
DA:146,0
DA:147,0
DA:148,0
DA:152,0
DA:153,0
DA:154,0
DA:157,0
DA:158,0
DA:161,0
DA:177,0
DA:180,0
DA:182,0
DA:185,0
DA:187,0
DA:190,0
DA:191,0
DA:192,0
LF:55
LH:0
BRDA:27,0,0,0
BRDA:36,1,0,0
BRDA:42,2,0,0
BRDA:46,3,0,0
BRDA:50,4,0,0
BRDA:63,5,0,0
BRDA:72,6,0,0
BRDA:88,7,0,0
BRDA:88,8,0,0
BRDA:88,8,1,0
BRDA:88,8,2,0
BRDA:94,9,0,0
BRDA:94,9,1,0
BRDA:95,10,0,0
BRDA:95,10,1,0
BRDA:101,11,0,0
BRDA:101,11,1,0
BRDA:112,12,0,0
BRDA:112,12,1,0
BRDA:133,13,0,0
BRDA:146,14,0,0
BRDA:146,15,0,0
BRDA:146,15,1,0
BRDA:191,16,0,0
BRF:24
BRH:0
end_of_record
TN:
SF:points\display\animations.ts
FN:13,createFloatingAnimation
FN:74,createPulseAnimation
FN:106,createShakeAnimation
FN:142,createFadeInAnimation
FN:172,createFadeOutAnimation
FN:204,animateNumberCounter
FN:209,(anonymous_6)
FN:221,updateValue
FNF:8
FNH:0
FNDA:0,createFloatingAnimation
FNDA:0,createPulseAnimation
FNDA:0,createShakeAnimation
FNDA:0,createFadeInAnimation
FNDA:0,createFadeOutAnimation
FNDA:0,animateNumberCounter
FNDA:0,(anonymous_6)
FNDA:0,updateValue
DA:13,0
DA:19,0
DA:20,0
DA:24,0
DA:26,0
DA:28,0
DA:33,0
DA:35,0
DA:40,0
DA:42,0
DA:47,0
DA:49,0
DA:54,0
DA:58,0
DA:64,0
DA:74,0
DA:79,0
DA:80,0
DA:84,0
DA:91,0
DA:96,0
DA:106,0
DA:111,0
DA:112,0
DA:116,0
DA:128,0
DA:133,0
DA:142,0
DA:146,0
DA:147,0
DA:151,0
DA:157,0
DA:163,0
DA:172,0
DA:176,0
DA:177,0
DA:181,0
DA:187,0
DA:193,0
DA:204,0
DA:209,0
DA:211,0
DA:213,0
DA:214,0
DA:217,0
DA:218,0
DA:222,0
DA:223,0
DA:226,0
DA:228,0
DA:229,0
DA:231,0
DA:232,0
DA:236,0
LF:54
LH:0
BRDA:15,0,0,0
BRDA:16,1,0,0
BRDA:17,2,0,0
BRDA:19,3,0,0
BRDA:19,4,0,0
BRDA:19,4,1,0
BRDA:26,5,0,0
BRDA:26,5,1,0
BRDA:26,5,2,0
BRDA:26,5,3,0
BRDA:76,6,0,0
BRDA:77,7,0,0
BRDA:79,8,0,0
BRDA:79,9,0,0
BRDA:79,9,1,0
BRDA:108,10,0,0
BRDA:109,11,0,0
BRDA:111,12,0,0
BRDA:111,13,0,0
BRDA:111,13,1,0
BRDA:144,14,0,0
BRDA:146,15,0,0
BRDA:146,16,0,0
BRDA:146,16,1,0
BRDA:174,17,0,0
BRDA:176,18,0,0
BRDA:176,19,0,0
BRDA:176,19,1,0
BRDA:208,20,0,0
BRDA:209,21,0,0
BRDA:211,22,0,0
BRDA:211,23,0,0
BRDA:211,23,1,0
BRDA:231,24,0,0
BRF:34
BRH:0
end_of_record
TN:
SF:points\storage\LocalStorage.ts
FN:15,(anonymous_7)
FN:25,(anonymous_8)
FN:53,(anonymous_10)
FN:107,(anonymous_12)
FN:120,(anonymous_13)
FN:137,(anonymous_14)
FN:158,(anonymous_16)
FN:179,(anonymous_17)
FN:192,(anonymous_18)
FN:243,(anonymous_19)
FNF:10
FNH:9
FNDA:6,(anonymous_7)
FNDA:4,(anonymous_8)
FNDA:8,(anonymous_10)
FNDA:4,(anonymous_12)
FNDA:2,(anonymous_13)
FNDA:2,(anonymous_14)
FNDA:10,(anonymous_16)
FNDA:6,(anonymous_17)
FNDA:4,(anonymous_18)
FNDA:0,(anonymous_19)
DA:1,3
DA:8,3
DA:16,6
DA:26,4
DA:28,4
DA:29,0
DA:33,4
DA:39,4
DA:41,0
DA:42,0
DA:44,0
DA:54,8
DA:56,8
DA:57,0
DA:61,8
DA:64,8
DA:65,4
DA:68,4
DA:70,4
DA:73,2
DA:74,0
DA:78,2
DA:85,2
DA:86,0
DA:89,2
DA:92,2
DA:93,2
DA:96,0
DA:108,4
DA:109,4
DA:110,0
DA:112,4
DA:121,2
DA:122,2
DA:123,2
DA:124,1
DA:126,1
DA:128,0
DA:138,2
DA:140,2
DA:141,0
DA:145,2
DA:147,0
DA:148,0
DA:150,0
DA:159,10
DA:161,10
DA:162,0
DA:166,10
DA:167,10
DA:168,10
DA:169,10
DA:171,0
DA:180,6
DA:193,4
DA:195,4
DA:196,0
DA:200,4
DA:204,0
DA:208,4
DA:213,0
DA:217,4
DA:218,0
DA:222,4
DA:226,4
DA:227,0
DA:230,4
DA:232,0
DA:248,0
DA:249,0
DA:250,0
DA:251,0
LF:72
LH:46
BRDA:15,0,0,0
BRDA:28,1,0,0
BRDA:41,2,0,0
BRDA:56,3,0,0
BRDA:64,4,0,4
BRDA:73,5,0,0
BRDA:73,6,0,2
BRDA:73,6,1,2
BRDA:85,7,0,0
BRDA:109,8,0,0
BRDA:109,9,0,4
BRDA:109,9,1,4
BRDA:109,9,2,4
BRDA:109,9,3,4
BRDA:123,10,0,1
BRDA:123,11,0,2
BRDA:123,11,1,1
BRDA:140,12,0,0
BRDA:147,13,0,0
BRDA:161,14,0,0
BRDA:161,15,0,10
BRDA:161,15,1,10
BRDA:195,16,0,0
BRDA:200,17,0,0
BRDA:200,18,0,4
BRDA:200,18,1,4
BRDA:200,18,2,4
BRDA:200,18,3,4
BRDA:208,19,0,0
BRDA:208,20,0,4
BRDA:208,20,1,4
BRDA:208,20,2,4
BRDA:208,20,3,4
BRDA:208,20,4,4
BRDA:217,21,0,0
BRDA:217,22,0,4
BRDA:217,22,1,0
BRDA:222,23,0,4
BRDA:222,23,1,0
BRDA:226,24,0,0
BRDA:226,25,0,4
BRDA:226,25,1,4
BRF:42
BRH:25
end_of_record
TN:
SF:points\storage\MemoryStorage.ts
FN:15,(anonymous_7)
FN:25,(anonymous_8)
FN:48,(anonymous_10)
FN:56,(anonymous_12)
FN:64,(anonymous_14)
FN:77,(anonymous_15)
FN:110,(anonymous_16)
FNF:7
FNH:5
FNDA:6,(anonymous_7)
FNDA:30,(anonymous_8)
FNDA:5,(anonymous_10)
FNDA:0,(anonymous_12)
FNDA:6,(anonymous_14)
FNDA:30,(anonymous_15)
FNDA:0,(anonymous_16)
DA:1,3
DA:8,3
DA:16,6
DA:26,30
DA:28,30
DA:31,30
DA:37,0
DA:38,0
DA:40,0
DA:49,5
DA:57,0
DA:65,6
DA:79,30
DA:80,0
DA:84,30
DA:85,0
DA:89,30
DA:90,0
DA:94,30
DA:95,0
DA:96,0
DA:98,0
DA:115,0
DA:116,0
DA:117,0
DA:118,0
LF:26
LH:12
BRDA:34,0,0,30
BRDA:34,0,1,0
BRDA:37,1,0,0
BRDA:79,2,0,0
BRDA:84,3,0,0
BRDA:84,4,0,30
BRDA:84,4,1,30
BRDA:84,4,2,30
BRDA:89,5,0,0
BRDA:89,6,0,30
BRDA:89,6,1,30
BRDA:89,6,2,30
BRDA:94,7,0,0
BRF:13
BRH:7
end_of_record
